0 info it worked if it ends with ok
1 verbose cli [ '/home/manuel/.nodenv/versions/0.11.14/bin/node',
1 verbose cli   '/home/manuel/.nodenv/versions/0.11.14/bin/npm',
1 verbose cli   'install',
1 verbose cli   '--save-dev',
1 verbose cli   'grunt-karma' ]
2 info using npm@2.0.0
3 info using node@v0.11.14
4 verbose stack Error: Failed to parse json
4 verbose stack Unexpected token #
4 verbose stack     at parseError (/home/manuel/.nodenv/versions/0.11.14/lib/node_modules/npm/node_modules/read-package-json/read-json.js:378:25)
4 verbose stack     at parseJson (/home/manuel/.nodenv/versions/0.11.14/lib/node_modules/npm/node_modules/read-package-json/read-json.js:85:51)
4 verbose stack     at /home/manuel/.nodenv/versions/0.11.14/lib/node_modules/npm/node_modules/read-package-json/read-json.js:59:33
4 verbose stack     at evalmachine.<anonymous>:295:14
4 verbose stack     at /home/manuel/.nodenv/versions/0.11.14/lib/node_modules/npm/node_modules/graceful-fs/graceful-fs.js:102:5
4 verbose stack     at Object.oncomplete (evalmachine.<anonymous>:93:15)
5 verbose cwd /home/manuel/github/angular-ui-router-styles
6 error Linux 4.0.5-1-ARCH
7 error argv "/home/manuel/.nodenv/versions/0.11.14/bin/node" "/home/manuel/.nodenv/versions/0.11.14/bin/npm" "install" "--save-dev" "grunt-karma"
8 error node v0.11.14
9 error npm  v2.0.0
10 error file /home/manuel/github/angular-ui-router-styles/package.json
11 error code EJSONPARSE
12 error Failed to parse json
12 error Unexpected token #
13 error File: /home/manuel/github/angular-ui-router-styles/package.json
14 error Failed to parse package.json data.
14 error package.json must be actual JSON, not just JavaScript.
14 error
14 error This is not a bug in npm.
14 error Tell the package author to fix their package.json file. JSON.parse
15 verbose exit [ 1, true ]
